2021/05/04 09:55:31 [error] [php] Use of undefined constant ‘jquery’ - assumed '‘jquery’' (this will throw an Error in a future version of PHP) (C:\xampp\htdocs\yii-app\protected\views\site\index.php:16)
Stack trace:
#0 C:\xampp\htdocs\yii\framework\web\CController.php(872): SiteController->renderFile()
#1 C:\xampp\htdocs\yii\framework\web\CController.php(785): SiteController->renderPartial()
#2 C:\xampp\htdocs\yii-app\protected\controllers\SiteController.php(32): SiteController->render()
#3 C:\xampp\htdocs\yii\framework\web\actions\CInlineAction.php(49): SiteController->actionIndex()
#4 C:\xampp\htdocs\yii\framework\web\CController.php(308): CInlineAction->runWithParams()
#5 C:\xampp\htdocs\yii\framework\web\CController.php(286): SiteController->runAction()
#6 C:\xampp\htdocs\yii\framework\web\CController.php(265): SiteController->runActionWithFilters()
#7 C:\xampp\htdocs\yii\framework\web\CWebApplication.php(282): SiteController->run()
#8 C:\xampp\htdocs\yii\framework\web\CWebApplication.php(141): CWebApplication->runController()
#9 C:\xampp\htdocs\yii\framework\base\CApplication.php(185): CWebApplication->processRequest()
#10 C:\xampp\htdocs\yii-app\index.php(13): CWebApplication->run()
REQUEST_URI=/yii-app/index.php?r=site
in C:\xampp\htdocs\yii-app\protected\views\site\index.php (16)
in C:\xampp\htdocs\yii-app\protected\controllers\SiteController.php (32)
in C:\xampp\htdocs\yii-app\index.php (13)
2021/05/04 09:56:04 [error] [php] Use of undefined constant ‘zii - assumed '‘zii' (this will throw an Error in a future version of PHP) (C:\xampp\htdocs\yii-app\protected\views\site\index.php:54)
Stack trace:
#0 C:\xampp\htdocs\yii\framework\web\CController.php(872): SiteController->renderFile()
#1 C:\xampp\htdocs\yii\framework\web\CController.php(785): SiteController->renderPartial()
#2 C:\xampp\htdocs\yii-app\protected\controllers\SiteController.php(32): SiteController->render()
#3 C:\xampp\htdocs\yii\framework\web\actions\CInlineAction.php(49): SiteController->actionIndex()
#4 C:\xampp\htdocs\yii\framework\web\CController.php(308): CInlineAction->runWithParams()
#5 C:\xampp\htdocs\yii\framework\web\CController.php(286): SiteController->runAction()
#6 C:\xampp\htdocs\yii\framework\web\CController.php(265): SiteController->runActionWithFilters()
#7 C:\xampp\htdocs\yii\framework\web\CWebApplication.php(282): SiteController->run()
#8 C:\xampp\htdocs\yii\framework\web\CWebApplication.php(141): CWebApplication->runController()
#9 C:\xampp\htdocs\yii\framework\base\CApplication.php(185): CWebApplication->processRequest()
#10 C:\xampp\htdocs\yii-app\index.php(13): CWebApplication->run()
REQUEST_URI=/yii-app/index.php?r=site
in C:\xampp\htdocs\yii-app\protected\views\site\index.php (54)
in C:\xampp\htdocs\yii-app\protected\controllers\SiteController.php (32)
in C:\xampp\htdocs\yii-app\index.php (13)
2021/05/04 09:57:35 [error] [php] Use of undefined constant ‘zii - assumed '‘zii' (this will throw an Error in a future version of PHP) (C:\xampp\htdocs\yii-app\protected\views\site\index.php:54)
Stack trace:
#0 C:\xampp\htdocs\yii\framework\web\CController.php(872): SiteController->renderFile()
#1 C:\xampp\htdocs\yii\framework\web\CController.php(785): SiteController->renderPartial()
#2 C:\xampp\htdocs\yii-app\protected\controllers\SiteController.php(32): SiteController->render()
#3 C:\xampp\htdocs\yii\framework\web\actions\CInlineAction.php(49): SiteController->actionIndex()
#4 C:\xampp\htdocs\yii\framework\web\CController.php(308): CInlineAction->runWithParams()
#5 C:\xampp\htdocs\yii\framework\web\CController.php(286): SiteController->runAction()
#6 C:\xampp\htdocs\yii\framework\web\CController.php(265): SiteController->runActionWithFilters()
#7 C:\xampp\htdocs\yii\framework\web\CWebApplication.php(282): SiteController->run()
#8 C:\xampp\htdocs\yii\framework\web\CWebApplication.php(141): CWebApplication->runController()
#9 C:\xampp\htdocs\yii\framework\base\CApplication.php(185): CWebApplication->processRequest()
#10 C:\xampp\htdocs\yii-app\index.php(13): CWebApplication->run()
REQUEST_URI=/yii-app/index.php?r=site
in C:\xampp\htdocs\yii-app\protected\views\site\index.php (54)
in C:\xampp\htdocs\yii-app\protected\controllers\SiteController.php (32)
in C:\xampp\htdocs\yii-app\index.php (13)
2021/05/04 09:58:00 [error] [php] Use of undefined constant ‘zii - assumed '‘zii' (this will throw an Error in a future version of PHP) (C:\xampp\htdocs\yii-app\protected\views\site\index.php:54)
Stack trace:
#0 C:\xampp\htdocs\yii\framework\web\CController.php(872): SiteController->renderFile()
#1 C:\xampp\htdocs\yii\framework\web\CController.php(785): SiteController->renderPartial()
#2 C:\xampp\htdocs\yii-app\protected\controllers\SiteController.php(32): SiteController->render()
#3 C:\xampp\htdocs\yii\framework\web\actions\CInlineAction.php(49): SiteController->actionIndex()
#4 C:\xampp\htdocs\yii\framework\web\CController.php(308): CInlineAction->runWithParams()
#5 C:\xampp\htdocs\yii\framework\web\CController.php(286): SiteController->runAction()
#6 C:\xampp\htdocs\yii\framework\web\CController.php(265): SiteController->runActionWithFilters()
#7 C:\xampp\htdocs\yii\framework\web\CWebApplication.php(282): SiteController->run()
#8 C:\xampp\htdocs\yii\framework\web\CWebApplication.php(141): CWebApplication->runController()
#9 C:\xampp\htdocs\yii\framework\base\CApplication.php(185): CWebApplication->processRequest()
#10 C:\xampp\htdocs\yii-app\index.php(13): CWebApplication->run()
REQUEST_URI=/yii-app/index.php?r=site
in C:\xampp\htdocs\yii-app\protected\views\site\index.php (54)
in C:\xampp\htdocs\yii-app\protected\controllers\SiteController.php (32)
in C:\xampp\htdocs\yii-app\index.php (13)
2021/05/04 10:03:02 [error] [exception.CHttpException.404] CHttpException: Unable to resolve the request "pegawai/index". in C:\xampp\htdocs\yii\framework\web\CWebApplication.php:286
Stack trace:
#0 C:\xampp\htdocs\yii\framework\web\CWebApplication.php(141): CWebApplication->runController('pegawai/index')
#1 C:\xampp\htdocs\yii\framework\base\CApplication.php(185): CWebApplication->processRequest()
#2 C:\xampp\htdocs\yii-app\index.php(13): CApplication->run()
#3 {main}
REQUEST_URI=/yii-app/index.php?r=pegawai/index
HTTP_REFERER=http://localhost/yii-app/index.php?r=site/index
---
2021/05/04 10:12:07 [error] [exception.CHttpException.404] CHttpException: Unable to resolve the request "user/index". in C:\xampp\htdocs\yii\framework\web\CWebApplication.php:286
Stack trace:
#0 C:\xampp\htdocs\yii\framework\web\CWebApplication.php(141): CWebApplication->runController('user/index')
#1 C:\xampp\htdocs\yii\framework\base\CApplication.php(185): CWebApplication->processRequest()
#2 C:\xampp\htdocs\yii-app\index.php(13): CApplication->run()
#3 {main}
REQUEST_URI=/yii-app/index.php?r=user/index
HTTP_REFERER=http://localhost/yii-app/index.php?r=site/login
---
2021/05/04 10:15:02 [error] [exception.CHttpException.404] CHttpException: Unable to resolve the request "pegawai/index". in C:\xampp\htdocs\yii\framework\web\CWebApplication.php:286
Stack trace:
#0 C:\xampp\htdocs\yii\framework\web\CWebApplication.php(141): CWebApplication->runController('pegawai/index')
#1 C:\xampp\htdocs\yii\framework\base\CApplication.php(185): CWebApplication->processRequest()
#2 C:\xampp\htdocs\yii-app\index.php(13): CApplication->run()
#3 {main}
REQUEST_URI=/yii-app/index.php?r=pegawai/index
HTTP_REFERER=http://localhost/yii-app/index.php?r=site/index
---
2021/05/04 10:22:06 [error] [exception.CHttpException.404] CHttpException: Unable to resolve the request "pegawai/index". in C:\xampp\htdocs\yii\framework\web\CWebApplication.php:286
Stack trace:
#0 C:\xampp\htdocs\yii\framework\web\CWebApplication.php(141): CWebApplication->runController('pegawai/index')
#1 C:\xampp\htdocs\yii\framework\base\CApplication.php(185): CWebApplication->processRequest()
#2 C:\xampp\htdocs\yii-app\index.php(13): CApplication->run()
#3 {main}
REQUEST_URI=/yii-app/index.php?r=pegawai/index
HTTP_REFERER=http://localhost/yii-app/index.php?r=site/index
---
2021/05/04 10:25:11 [error] [exception.CHttpException.404] CHttpException: Unable to resolve the request "pegawai/index". in C:\xampp\htdocs\yii\framework\web\CWebApplication.php:286
Stack trace:
#0 C:\xampp\htdocs\yii\framework\web\CWebApplication.php(141): CWebApplication->runController('pegawai/index')
#1 C:\xampp\htdocs\yii\framework\base\CApplication.php(185): CWebApplication->processRequest()
#2 C:\xampp\htdocs\yii-app\index.php(13): CApplication->run()
#3 {main}
REQUEST_URI=/yii-app/index.php?r=pegawai/index
HTTP_REFERER=http://localhost/yii-app/index.php?r=site/index
---
2021/05/04 10:25:24 [error] [exception.CHttpException.404] CHttpException: Unable to resolve the request "pegawai/index". in C:\xampp\htdocs\yii\framework\web\CWebApplication.php:286
Stack trace:
#0 C:\xampp\htdocs\yii\framework\web\CWebApplication.php(141): CWebApplication->runController('pegawai/index')
#1 C:\xampp\htdocs\yii\framework\base\CApplication.php(185): CWebApplication->processRequest()
#2 C:\xampp\htdocs\yii-app\index.php(13): CApplication->run()
#3 {main}
REQUEST_URI=/yii-app/index.php?r=pegawai/index
HTTP_REFERER=http://localhost/yii-app/index.php?r=user/index
---
2021/05/04 16:27:47 [error] [system.db.CDbCommand] CDbCommand::fetch() failed: SQLSTATE[42S22]: Column not found: 1054 Unknown column 'username' in 'where clause'. The SQL statement executed was: SELECT * FROM `user` `t` WHERE username = 'admin' LIMIT 1.
in C:\xampp\htdocs\yii-app\protected\components\UserIdentity.php (24)
in C:\xampp\htdocs\yii-app\protected\models\LoginForm.php (54)
in C:\xampp\htdocs\yii-app\protected\controllers\SiteController.php (87)
2021/05/04 16:27:47 [error] [exception.CDbException] CDbException: CDbCommand failed to execute the SQL statement: SQLSTATE[42S22]: Column not found: 1054 Unknown column 'username' in 'where clause'. The SQL statement executed was: SELECT * FROM `user` `t` WHERE username = 'admin' LIMIT 1 in C:\xampp\htdocs\yii\framework\db\CDbCommand.php:543
Stack trace:
#0 C:\xampp\htdocs\yii\framework\db\CDbCommand.php(415): CDbCommand->queryInternal('fetch', Array, Array)
#1 C:\xampp\htdocs\yii\framework\db\ar\CActiveRecord.php(1359): CDbCommand->queryRow()
#2 C:\xampp\htdocs\yii\framework\db\ar\CActiveRecord.php(1464): CActiveRecord->query(Object(CDbCriteria))
#3 C:\xampp\htdocs\yii-app\protected\components\UserIdentity.php(24): CActiveRecord->find(Array)
#4 C:\xampp\htdocs\yii-app\protected\models\LoginForm.php(54): UserIdentity->authenticate()
#5 C:\xampp\htdocs\yii\framework\validators\CInlineValidator.php(42): LoginForm->authenticate('password', Array)
#6 C:\xampp\htdocs\yii\framework\validators\CValidator.php(201): CInlineValidator->validateAttribute(Object(LoginForm), 'password')
#7 C:\xampp\htdocs\yii\framework\base\CModel.php(159): CValidator->validate(Object(LoginForm), Array)
#8 C:\xampp\htdocs\yii-app\protected\controllers\SiteController.php(87): CModel->validate()
#9 C:\xampp\htdocs\yii\framework\web\actions\CInlineAction.php(49): SiteController->actionLogin()
#10 C:\xampp\htdocs\yii\framework\web\CController.php(308): CInlineAction->runWithParams(Array)
#11 C:\xampp\htdocs\yii\framework\web\CController.php(286): CController->runAction(Object(CInlineAction))
#12 C:\xampp\htdocs\yii\framework\web\CController.php(265): CController->runActionWithFilters(Object(CInlineAction), Array)
#13 C:\xampp\htdocs\yii\framework\web\CWebApplication.php(282): CController->run('login')
#14 C:\xampp\htdocs\yii\framework\web\CWebApplication.php(141): CWebApplication->runController('site/login')
#15 C:\xampp\htdocs\yii\framework\base\CApplication.php(185): CWebApplication->processRequest()
#16 C:\xampp\htdocs\yii-app\index.php(13): CApplication->run()
#17 {main}
REQUEST_URI=/yii-app/index.php?r=site/login
HTTP_REFERER=http://localhost/yii-app/index.php?r=site/login
---
2021/05/04 16:28:16 [error] [exception.CException] CException: Property "UserIdentity.user_name" is not defined. in C:\xampp\htdocs\yii\framework\base\CComponent.php:130
Stack trace:
#0 C:\xampp\htdocs\yii-app\protected\components\UserIdentity.php(21): CComponent->__get('user_name')
#1 C:\xampp\htdocs\yii-app\protected\models\LoginForm.php(54): UserIdentity->authenticate()
#2 C:\xampp\htdocs\yii\framework\validators\CInlineValidator.php(42): LoginForm->authenticate('password', Array)
#3 C:\xampp\htdocs\yii\framework\validators\CValidator.php(201): CInlineValidator->validateAttribute(Object(LoginForm), 'password')
#4 C:\xampp\htdocs\yii\framework\base\CModel.php(159): CValidator->validate(Object(LoginForm), Array)
#5 C:\xampp\htdocs\yii-app\protected\controllers\SiteController.php(87): CModel->validate()
#6 C:\xampp\htdocs\yii\framework\web\actions\CInlineAction.php(49): SiteController->actionLogin()
#7 C:\xampp\htdocs\yii\framework\web\CController.php(308): CInlineAction->runWithParams(Array)
#8 C:\xampp\htdocs\yii\framework\web\CController.php(286): CController->runAction(Object(CInlineAction))
#9 C:\xampp\htdocs\yii\framework\web\CController.php(265): CController->runActionWithFilters(Object(CInlineAction), Array)
#10 C:\xampp\htdocs\yii\framework\web\CWebApplication.php(282): CController->run('login')
#11 C:\xampp\htdocs\yii\framework\web\CWebApplication.php(141): CWebApplication->runController('site/login')
#12 C:\xampp\htdocs\yii\framework\base\CApplication.php(185): CWebApplication->processRequest()
#13 C:\xampp\htdocs\yii-app\index.php(13): CApplication->run()
#14 {main}
REQUEST_URI=/yii-app/index.php?r=site/login
HTTP_REFERER=http://localhost/yii-app/index.php?r=site/login
---
2021/05/04 16:29:32 [error] [exception.CException] CException: Property "UserIdentity.user_name" is not defined. in C:\xampp\htdocs\yii\framework\base\CComponent.php:130
Stack trace:
#0 C:\xampp\htdocs\yii-app\protected\components\UserIdentity.php(21): CComponent->__get('user_name')
#1 C:\xampp\htdocs\yii-app\protected\models\LoginForm.php(54): UserIdentity->authenticate()
#2 C:\xampp\htdocs\yii\framework\validators\CInlineValidator.php(42): LoginForm->authenticate('password', Array)
#3 C:\xampp\htdocs\yii\framework\validators\CValidator.php(201): CInlineValidator->validateAttribute(Object(LoginForm), 'password')
#4 C:\xampp\htdocs\yii\framework\base\CModel.php(159): CValidator->validate(Object(LoginForm), Array)
#5 C:\xampp\htdocs\yii-app\protected\controllers\SiteController.php(87): CModel->validate()
#6 C:\xampp\htdocs\yii\framework\web\actions\CInlineAction.php(49): SiteController->actionLogin()
#7 C:\xampp\htdocs\yii\framework\web\CController.php(308): CInlineAction->runWithParams(Array)
#8 C:\xampp\htdocs\yii\framework\web\CController.php(286): CController->runAction(Object(CInlineAction))
#9 C:\xampp\htdocs\yii\framework\web\CController.php(265): CController->runActionWithFilters(Object(CInlineAction), Array)
#10 C:\xampp\htdocs\yii\framework\web\CWebApplication.php(282): CController->run('login')
#11 C:\xampp\htdocs\yii\framework\web\CWebApplication.php(141): CWebApplication->runController('site/login')
#12 C:\xampp\htdocs\yii\framework\base\CApplication.php(185): CWebApplication->processRequest()
#13 C:\xampp\htdocs\yii-app\index.php(13): CApplication->run()
#14 {main}
REQUEST_URI=/yii-app/index.php?r=site/login
HTTP_REFERER=http://localhost/yii-app/index.php?r=site/login
---
2021/05/04 16:30:09 [error] [exception.CException] CException: Property "UserIdentity.user_name" is not defined. in C:\xampp\htdocs\yii\framework\base\CComponent.php:130
Stack trace:
#0 C:\xampp\htdocs\yii-app\protected\components\UserIdentity.php(21): CComponent->__get('user_name')
#1 C:\xampp\htdocs\yii-app\protected\models\LoginForm.php(54): UserIdentity->authenticate()
#2 C:\xampp\htdocs\yii\framework\validators\CInlineValidator.php(42): LoginForm->authenticate('password', Array)
#3 C:\xampp\htdocs\yii\framework\validators\CValidator.php(201): CInlineValidator->validateAttribute(Object(LoginForm), 'password')
#4 C:\xampp\htdocs\yii\framework\base\CModel.php(159): CValidator->validate(Object(LoginForm), Array)
#5 C:\xampp\htdocs\yii-app\protected\controllers\SiteController.php(87): CModel->validate()
#6 C:\xampp\htdocs\yii\framework\web\actions\CInlineAction.php(49): SiteController->actionLogin()
#7 C:\xampp\htdocs\yii\framework\web\CController.php(308): CInlineAction->runWithParams(Array)
#8 C:\xampp\htdocs\yii\framework\web\CController.php(286): CController->runAction(Object(CInlineAction))
#9 C:\xampp\htdocs\yii\framework\web\CController.php(265): CController->runActionWithFilters(Object(CInlineAction), Array)
#10 C:\xampp\htdocs\yii\framework\web\CWebApplication.php(282): CController->run('login')
#11 C:\xampp\htdocs\yii\framework\web\CWebApplication.php(141): CWebApplication->runController('site/login')
#12 C:\xampp\htdocs\yii\framework\base\CApplication.php(185): CWebApplication->processRequest()
#13 C:\xampp\htdocs\yii-app\index.php(13): CApplication->run()
#14 {main}
REQUEST_URI=/yii-app/index.php?r=site/login
HTTP_REFERER=http://localhost/yii-app/index.php?r=site/login
---
2021/05/04 16:30:19 [error] [exception.CException] CException: Property "UserIdentity.user_name" is not defined. in C:\xampp\htdocs\yii\framework\base\CComponent.php:130
Stack trace:
#0 C:\xampp\htdocs\yii-app\protected\components\UserIdentity.php(21): CComponent->__get('user_name')
#1 C:\xampp\htdocs\yii-app\protected\models\LoginForm.php(54): UserIdentity->authenticate()
#2 C:\xampp\htdocs\yii\framework\validators\CInlineValidator.php(42): LoginForm->authenticate('password', Array)
#3 C:\xampp\htdocs\yii\framework\validators\CValidator.php(201): CInlineValidator->validateAttribute(Object(LoginForm), 'password')
#4 C:\xampp\htdocs\yii\framework\base\CModel.php(159): CValidator->validate(Object(LoginForm), Array)
#5 C:\xampp\htdocs\yii-app\protected\controllers\SiteController.php(87): CModel->validate()
#6 C:\xampp\htdocs\yii\framework\web\actions\CInlineAction.php(49): SiteController->actionLogin()
#7 C:\xampp\htdocs\yii\framework\web\CController.php(308): CInlineAction->runWithParams(Array)
#8 C:\xampp\htdocs\yii\framework\web\CController.php(286): CController->runAction(Object(CInlineAction))
#9 C:\xampp\htdocs\yii\framework\web\CController.php(265): CController->runActionWithFilters(Object(CInlineAction), Array)
#10 C:\xampp\htdocs\yii\framework\web\CWebApplication.php(282): CController->run('login')
#11 C:\xampp\htdocs\yii\framework\web\CWebApplication.php(141): CWebApplication->runController('site/login')
#12 C:\xampp\htdocs\yii\framework\base\CApplication.php(185): CWebApplication->processRequest()
#13 C:\xampp\htdocs\yii-app\index.php(13): CApplication->run()
#14 {main}
REQUEST_URI=/yii-app/index.php?r=site/login
HTTP_REFERER=http://localhost/yii-app/index.php?r=site/login
---
2021/05/04 16:30:44 [error] [system.db.CDbCommand] CDbCommand::fetch() failed: SQLSTATE[42S22]: Column not found: 1054 Unknown column 'username' in 'where clause'. The SQL statement executed was: SELECT * FROM `user` `t` WHERE username = 'admin' LIMIT 1.
in C:\xampp\htdocs\yii-app\protected\components\UserIdentity.php (24)
in C:\xampp\htdocs\yii-app\protected\models\LoginForm.php (54)
in C:\xampp\htdocs\yii-app\protected\controllers\SiteController.php (87)
2021/05/04 16:30:44 [error] [exception.CDbException] CDbException: CDbCommand failed to execute the SQL statement: SQLSTATE[42S22]: Column not found: 1054 Unknown column 'username' in 'where clause'. The SQL statement executed was: SELECT * FROM `user` `t` WHERE username = 'admin' LIMIT 1 in C:\xampp\htdocs\yii\framework\db\CDbCommand.php:543
Stack trace:
#0 C:\xampp\htdocs\yii\framework\db\CDbCommand.php(415): CDbCommand->queryInternal('fetch', Array, Array)
#1 C:\xampp\htdocs\yii\framework\db\ar\CActiveRecord.php(1359): CDbCommand->queryRow()
#2 C:\xampp\htdocs\yii\framework\db\ar\CActiveRecord.php(1464): CActiveRecord->query(Object(CDbCriteria))
#3 C:\xampp\htdocs\yii-app\protected\components\UserIdentity.php(24): CActiveRecord->find(Array)
#4 C:\xampp\htdocs\yii-app\protected\models\LoginForm.php(54): UserIdentity->authenticate()
#5 C:\xampp\htdocs\yii\framework\validators\CInlineValidator.php(42): LoginForm->authenticate('password', Array)
#6 C:\xampp\htdocs\yii\framework\validators\CValidator.php(201): CInlineValidator->validateAttribute(Object(LoginForm), 'password')
#7 C:\xampp\htdocs\yii\framework\base\CModel.php(159): CValidator->validate(Object(LoginForm), Array)
#8 C:\xampp\htdocs\yii-app\protected\controllers\SiteController.php(87): CModel->validate()
#9 C:\xampp\htdocs\yii\framework\web\actions\CInlineAction.php(49): SiteController->actionLogin()
#10 C:\xampp\htdocs\yii\framework\web\CController.php(308): CInlineAction->runWithParams(Array)
#11 C:\xampp\htdocs\yii\framework\web\CController.php(286): CController->runAction(Object(CInlineAction))
#12 C:\xampp\htdocs\yii\framework\web\CController.php(265): CController->runActionWithFilters(Object(CInlineAction), Array)
#13 C:\xampp\htdocs\yii\framework\web\CWebApplication.php(282): CController->run('login')
#14 C:\xampp\htdocs\yii\framework\web\CWebApplication.php(141): CWebApplication->runController('site/login')
#15 C:\xampp\htdocs\yii\framework\base\CApplication.php(185): CWebApplication->processRequest()
#16 C:\xampp\htdocs\yii-app\index.php(13): CApplication->run()
#17 {main}
REQUEST_URI=/yii-app/index.php?r=site/login
HTTP_REFERER=http://localhost/yii-app/index.php?r=site/login
---
2021/05/04 16:48:28 [error] [exception.CHttpException.403] CHttpException: You are not authorized to perform this action. in C:\xampp\htdocs\yii\framework\web\auth\CAccessControlFilter.php:183
Stack trace:
#0 C:\xampp\htdocs\yii\framework\web\auth\CAccessControlFilter.php(145): CAccessControlFilter->accessDenied(Object(CWebUser), 'You are not aut...')
#1 C:\xampp\htdocs\yii\framework\web\filters\CFilter.php(38): CAccessControlFilter->preFilter(Object(CFilterChain))
#2 C:\xampp\htdocs\yii\framework\web\CController.php(1148): CFilter->filter(Object(CFilterChain))
#3 C:\xampp\htdocs\yii\framework\web\filters\CInlineFilter.php(58): CController->filterAccessControl(Object(CFilterChain))
#4 C:\xampp\htdocs\yii\framework\web\filters\CFilterChain.php(131): CInlineFilter->filter(Object(CFilterChain))
#5 C:\xampp\htdocs\yii\framework\web\CController.php(291): CFilterChain->run()
#6 C:\xampp\htdocs\yii\framework\web\CController.php(265): CController->runActionWithFilters(Object(CInlineAction), Array)
#7 C:\xampp\htdocs\yii\framework\web\CWebApplication.php(282): CController->run('admin')
#8 C:\xampp\htdocs\yii\framework\web\CWebApplication.php(141): CWebApplication->runController('user/admin')
#9 C:\xampp\htdocs\yii\framework\base\CApplication.php(185): CWebApplication->processRequest()
#10 C:\xampp\htdocs\yii-app\index.php(13): CApplication->run()
#11 {main}
REQUEST_URI=/yii-app/index.php?r=user/admin
HTTP_REFERER=http://localhost/yii-app/index.php?r=site/login
---
2021/05/04 16:49:40 [error] [exception.CHttpException.403] CHttpException: You are not authorized to perform this action. in C:\xampp\htdocs\yii\framework\web\auth\CAccessControlFilter.php:183
Stack trace:
#0 C:\xampp\htdocs\yii\framework\web\auth\CAccessControlFilter.php(145): CAccessControlFilter->accessDenied(Object(CWebUser), 'You are not aut...')
#1 C:\xampp\htdocs\yii\framework\web\filters\CFilter.php(38): CAccessControlFilter->preFilter(Object(CFilterChain))
#2 C:\xampp\htdocs\yii\framework\web\CController.php(1148): CFilter->filter(Object(CFilterChain))
#3 C:\xampp\htdocs\yii\framework\web\filters\CInlineFilter.php(58): CController->filterAccessControl(Object(CFilterChain))
#4 C:\xampp\htdocs\yii\framework\web\filters\CFilterChain.php(131): CInlineFilter->filter(Object(CFilterChain))
#5 C:\xampp\htdocs\yii\framework\web\CController.php(291): CFilterChain->run()
#6 C:\xampp\htdocs\yii\framework\web\CController.php(265): CController->runActionWithFilters(Object(CInlineAction), Array)
#7 C:\xampp\htdocs\yii\framework\web\CWebApplication.php(282): CController->run('admin')
#8 C:\xampp\htdocs\yii\framework\web\CWebApplication.php(141): CWebApplication->runController('user/admin')
#9 C:\xampp\htdocs\yii\framework\base\CApplication.php(185): CWebApplication->processRequest()
#10 C:\xampp\htdocs\yii-app\index.php(13): CApplication->run()
#11 {main}
REQUEST_URI=/yii-app/index.php?r=user/admin
HTTP_REFERER=http://localhost/yii-app/index.php?r=site/login
---
2021/05/04 16:50:15 [error] [exception.CHttpException.403] CHttpException: You are not authorized to perform this action. in C:\xampp\htdocs\yii\framework\web\auth\CAccessControlFilter.php:183
Stack trace:
#0 C:\xampp\htdocs\yii\framework\web\auth\CAccessControlFilter.php(145): CAccessControlFilter->accessDenied(Object(CWebUser), 'You are not aut...')
#1 C:\xampp\htdocs\yii\framework\web\filters\CFilter.php(38): CAccessControlFilter->preFilter(Object(CFilterChain))
#2 C:\xampp\htdocs\yii\framework\web\CController.php(1148): CFilter->filter(Object(CFilterChain))
#3 C:\xampp\htdocs\yii\framework\web\filters\CInlineFilter.php(58): CController->filterAccessControl(Object(CFilterChain))
#4 C:\xampp\htdocs\yii\framework\web\filters\CFilterChain.php(131): CInlineFilter->filter(Object(CFilterChain))
#5 C:\xampp\htdocs\yii\framework\web\CController.php(291): CFilterChain->run()
#6 C:\xampp\htdocs\yii\framework\web\CController.php(265): CController->runActionWithFilters(Object(CInlineAction), Array)
#7 C:\xampp\htdocs\yii\framework\web\CWebApplication.php(282): CController->run('admin')
#8 C:\xampp\htdocs\yii\framework\web\CWebApplication.php(141): CWebApplication->runController('user/admin')
#9 C:\xampp\htdocs\yii\framework\base\CApplication.php(185): CWebApplication->processRequest()
#10 C:\xampp\htdocs\yii-app\index.php(13): CApplication->run()
#11 {main}
REQUEST_URI=/yii-app/index.php?r=user/admin
HTTP_REFERER=http://localhost/yii-app/index.php?r=site/login
---
2021/05/04 16:50:18 [error] [exception.CHttpException.403] CHttpException: You are not authorized to perform this action. in C:\xampp\htdocs\yii\framework\web\auth\CAccessControlFilter.php:183
Stack trace:
#0 C:\xampp\htdocs\yii\framework\web\auth\CAccessControlFilter.php(145): CAccessControlFilter->accessDenied(Object(CWebUser), 'You are not aut...')
#1 C:\xampp\htdocs\yii\framework\web\filters\CFilter.php(38): CAccessControlFilter->preFilter(Object(CFilterChain))
#2 C:\xampp\htdocs\yii\framework\web\CController.php(1148): CFilter->filter(Object(CFilterChain))
#3 C:\xampp\htdocs\yii\framework\web\filters\CInlineFilter.php(58): CController->filterAccessControl(Object(CFilterChain))
#4 C:\xampp\htdocs\yii\framework\web\filters\CFilterChain.php(131): CInlineFilter->filter(Object(CFilterChain))
#5 C:\xampp\htdocs\yii\framework\web\CController.php(291): CFilterChain->run()
#6 C:\xampp\htdocs\yii\framework\web\CController.php(265): CController->runActionWithFilters(Object(CInlineAction), Array)
#7 C:\xampp\htdocs\yii\framework\web\CWebApplication.php(282): CController->run('admin')
#8 C:\xampp\htdocs\yii\framework\web\CWebApplication.php(141): CWebApplication->runController('tindakan/admin')
#9 C:\xampp\htdocs\yii\framework\base\CApplication.php(185): CWebApplication->processRequest()
#10 C:\xampp\htdocs\yii-app\index.php(13): CApplication->run()
#11 {main}
REQUEST_URI=/yii-app/index.php?r=tindakan/admin
HTTP_REFERER=http://localhost/yii-app/index.php?r=site/login
---
2021/05/04 16:53:26 [error] [exception.CHttpException.403] CHttpException: You are not authorized to perform this action. in C:\xampp\htdocs\yii\framework\web\auth\CAccessControlFilter.php:183
Stack trace:
#0 C:\xampp\htdocs\yii\framework\web\auth\CAccessControlFilter.php(145): CAccessControlFilter->accessDenied(Object(CWebUser), 'You are not aut...')
#1 C:\xampp\htdocs\yii\framework\web\filters\CFilter.php(38): CAccessControlFilter->preFilter(Object(CFilterChain))
#2 C:\xampp\htdocs\yii\framework\web\CController.php(1148): CFilter->filter(Object(CFilterChain))
#3 C:\xampp\htdocs\yii\framework\web\filters\CInlineFilter.php(58): CController->filterAccessControl(Object(CFilterChain))
#4 C:\xampp\htdocs\yii\framework\web\filters\CFilterChain.php(131): CInlineFilter->filter(Object(CFilterChain))
#5 C:\xampp\htdocs\yii\framework\web\CController.php(291): CFilterChain->run()
#6 C:\xampp\htdocs\yii\framework\web\CController.php(265): CController->runActionWithFilters(Object(CInlineAction), Array)
#7 C:\xampp\htdocs\yii\framework\web\CWebApplication.php(282): CController->run('admin')
#8 C:\xampp\htdocs\yii\framework\web\CWebApplication.php(141): CWebApplication->runController('pegawai/admin')
#9 C:\xampp\htdocs\yii\framework\base\CApplication.php(185): CWebApplication->processRequest()
#10 C:\xampp\htdocs\yii-app\index.php(13): CApplication->run()
#11 {main}
REQUEST_URI=/yii-app/index.php?r=pegawai/admin
HTTP_REFERER=http://localhost/yii-app/index.php?r=site/index
---
2021/05/04 16:53:33 [error] [exception.CHttpException.403] CHttpException: You are not authorized to perform this action. in C:\xampp\htdocs\yii\framework\web\auth\CAccessControlFilter.php:183
Stack trace:
#0 C:\xampp\htdocs\yii\framework\web\auth\CAccessControlFilter.php(145): CAccessControlFilter->accessDenied(Object(CWebUser), 'You are not aut...')
#1 C:\xampp\htdocs\yii\framework\web\filters\CFilter.php(38): CAccessControlFilter->preFilter(Object(CFilterChain))
#2 C:\xampp\htdocs\yii\framework\web\CController.php(1148): CFilter->filter(Object(CFilterChain))
#3 C:\xampp\htdocs\yii\framework\web\filters\CInlineFilter.php(58): CController->filterAccessControl(Object(CFilterChain))
#4 C:\xampp\htdocs\yii\framework\web\filters\CFilterChain.php(131): CInlineFilter->filter(Object(CFilterChain))
#5 C:\xampp\htdocs\yii\framework\web\CController.php(291): CFilterChain->run()
#6 C:\xampp\htdocs\yii\framework\web\CController.php(265): CController->runActionWithFilters(Object(CInlineAction), Array)
#7 C:\xampp\htdocs\yii\framework\web\CWebApplication.php(282): CController->run('admin')
#8 C:\xampp\htdocs\yii\framework\web\CWebApplication.php(141): CWebApplication->runController('obat/admin')
#9 C:\xampp\htdocs\yii\framework\base\CApplication.php(185): CWebApplication->processRequest()
#10 C:\xampp\htdocs\yii-app\index.php(13): CApplication->run()
#11 {main}
REQUEST_URI=/yii-app/index.php?r=obat/admin
HTTP_REFERER=http://localhost/yii-app/index.php?r=site/index
---
2021/05/04 16:53:36 [error] [exception.CHttpException.403] CHttpException: You are not authorized to perform this action. in C:\xampp\htdocs\yii\framework\web\auth\CAccessControlFilter.php:183
Stack trace:
#0 C:\xampp\htdocs\yii\framework\web\auth\CAccessControlFilter.php(145): CAccessControlFilter->accessDenied(Object(CWebUser), 'You are not aut...')
#1 C:\xampp\htdocs\yii\framework\web\filters\CFilter.php(38): CAccessControlFilter->preFilter(Object(CFilterChain))
#2 C:\xampp\htdocs\yii\framework\web\CController.php(1148): CFilter->filter(Object(CFilterChain))
#3 C:\xampp\htdocs\yii\framework\web\filters\CInlineFilter.php(58): CController->filterAccessControl(Object(CFilterChain))
#4 C:\xampp\htdocs\yii\framework\web\filters\CFilterChain.php(131): CInlineFilter->filter(Object(CFilterChain))
#5 C:\xampp\htdocs\yii\framework\web\CController.php(291): CFilterChain->run()
#6 C:\xampp\htdocs\yii\framework\web\CController.php(265): CController->runActionWithFilters(Object(CInlineAction), Array)
#7 C:\xampp\htdocs\yii\framework\web\CWebApplication.php(282): CController->run('admin')
#8 C:\xampp\htdocs\yii\framework\web\CWebApplication.php(141): CWebApplication->runController('tindakan/admin')
#9 C:\xampp\htdocs\yii\framework\base\CApplication.php(185): CWebApplication->processRequest()
#10 C:\xampp\htdocs\yii-app\index.php(13): CApplication->run()
#11 {main}
REQUEST_URI=/yii-app/index.php?r=tindakan/admin
HTTP_REFERER=http://localhost/yii-app/index.php?r=site/index
---
2021/05/04 16:53:39 [error] [exception.CHttpException.403] CHttpException: You are not authorized to perform this action. in C:\xampp\htdocs\yii\framework\web\auth\CAccessControlFilter.php:183
Stack trace:
#0 C:\xampp\htdocs\yii\framework\web\auth\CAccessControlFilter.php(145): CAccessControlFilter->accessDenied(Object(CWebUser), 'You are not aut...')
#1 C:\xampp\htdocs\yii\framework\web\filters\CFilter.php(38): CAccessControlFilter->preFilter(Object(CFilterChain))
#2 C:\xampp\htdocs\yii\framework\web\CController.php(1148): CFilter->filter(Object(CFilterChain))
#3 C:\xampp\htdocs\yii\framework\web\filters\CInlineFilter.php(58): CController->filterAccessControl(Object(CFilterChain))
#4 C:\xampp\htdocs\yii\framework\web\filters\CFilterChain.php(131): CInlineFilter->filter(Object(CFilterChain))
#5 C:\xampp\htdocs\yii\framework\web\CController.php(291): CFilterChain->run()
#6 C:\xampp\htdocs\yii\framework\web\CController.php(265): CController->runActionWithFilters(Object(CInlineAction), Array)
#7 C:\xampp\htdocs\yii\framework\web\CWebApplication.php(282): CController->run('admin')
#8 C:\xampp\htdocs\yii\framework\web\CWebApplication.php(141): CWebApplication->runController('user/admin')
#9 C:\xampp\htdocs\yii\framework\base\CApplication.php(185): CWebApplication->processRequest()
#10 C:\xampp\htdocs\yii-app\index.php(13): CApplication->run()
#11 {main}
REQUEST_URI=/yii-app/index.php?r=user/admin
HTTP_REFERER=http://localhost/yii-app/index.php?r=site/index
---
2021/05/04 16:56:01 [error] [exception.CHttpException.403] CHttpException: You are not authorized to perform this action. in C:\xampp\htdocs\yii\framework\web\auth\CAccessControlFilter.php:183
Stack trace:
#0 C:\xampp\htdocs\yii\framework\web\auth\CAccessControlFilter.php(145): CAccessControlFilter->accessDenied(Object(CWebUser), 'You are not aut...')
#1 C:\xampp\htdocs\yii\framework\web\filters\CFilter.php(38): CAccessControlFilter->preFilter(Object(CFilterChain))
#2 C:\xampp\htdocs\yii\framework\web\CController.php(1148): CFilter->filter(Object(CFilterChain))
#3 C:\xampp\htdocs\yii\framework\web\filters\CInlineFilter.php(58): CController->filterAccessControl(Object(CFilterChain))
#4 C:\xampp\htdocs\yii\framework\web\filters\CFilterChain.php(131): CInlineFilter->filter(Object(CFilterChain))
#5 C:\xampp\htdocs\yii\framework\web\CController.php(291): CFilterChain->run()
#6 C:\xampp\htdocs\yii\framework\web\CController.php(265): CController->runActionWithFilters(Object(CInlineAction), Array)
#7 C:\xampp\htdocs\yii\framework\web\CWebApplication.php(282): CController->run('admin')
#8 C:\xampp\htdocs\yii\framework\web\CWebApplication.php(141): CWebApplication->runController('pegawai/admin')
#9 C:\xampp\htdocs\yii\framework\base\CApplication.php(185): CWebApplication->processRequest()
#10 C:\xampp\htdocs\yii-app\index.php(13): CApplication->run()
#11 {main}
REQUEST_URI=/yii-app/index.php?r=pegawai/admin
HTTP_REFERER=http://localhost/yii-app/index.php?r=site/index
---
2021/05/04 16:56:47 [error] [exception.CHttpException.403] CHttpException: You are not authorized to perform this action. in C:\xampp\htdocs\yii\framework\web\auth\CAccessControlFilter.php:183
Stack trace:
#0 C:\xampp\htdocs\yii\framework\web\auth\CAccessControlFilter.php(145): CAccessControlFilter->accessDenied(Object(CWebUser), 'You are not aut...')
#1 C:\xampp\htdocs\yii\framework\web\filters\CFilter.php(38): CAccessControlFilter->preFilter(Object(CFilterChain))
#2 C:\xampp\htdocs\yii\framework\web\CController.php(1148): CFilter->filter(Object(CFilterChain))
#3 C:\xampp\htdocs\yii\framework\web\filters\CInlineFilter.php(58): CController->filterAccessControl(Object(CFilterChain))
#4 C:\xampp\htdocs\yii\framework\web\filters\CFilterChain.php(131): CInlineFilter->filter(Object(CFilterChain))
#5 C:\xampp\htdocs\yii\framework\web\CController.php(291): CFilterChain->run()
#6 C:\xampp\htdocs\yii\framework\web\CController.php(265): CController->runActionWithFilters(Object(CInlineAction), Array)
#7 C:\xampp\htdocs\yii\framework\web\CWebApplication.php(282): CController->run('admin')
#8 C:\xampp\htdocs\yii\framework\web\CWebApplication.php(141): CWebApplication->runController('pegawai/admin')
#9 C:\xampp\htdocs\yii\framework\base\CApplication.php(185): CWebApplication->processRequest()
#10 C:\xampp\htdocs\yii-app\index.php(13): CApplication->run()
#11 {main}
REQUEST_URI=/yii-app/index.php?r=pegawai/admin
HTTP_REFERER=http://localhost/yii-app/index.php?r=site/index
---
2021/05/04 16:57:12 [error] [exception.CHttpException.403] CHttpException: You are not authorized to perform this action. in C:\xampp\htdocs\yii\framework\web\auth\CAccessControlFilter.php:183
Stack trace:
#0 C:\xampp\htdocs\yii\framework\web\auth\CAccessControlFilter.php(145): CAccessControlFilter->accessDenied(Object(CWebUser), 'You are not aut...')
#1 C:\xampp\htdocs\yii\framework\web\filters\CFilter.php(38): CAccessControlFilter->preFilter(Object(CFilterChain))
#2 C:\xampp\htdocs\yii\framework\web\CController.php(1148): CFilter->filter(Object(CFilterChain))
#3 C:\xampp\htdocs\yii\framework\web\filters\CInlineFilter.php(58): CController->filterAccessControl(Object(CFilterChain))
#4 C:\xampp\htdocs\yii\framework\web\filters\CFilterChain.php(131): CInlineFilter->filter(Object(CFilterChain))
#5 C:\xampp\htdocs\yii\framework\web\CController.php(291): CFilterChain->run()
#6 C:\xampp\htdocs\yii\framework\web\CController.php(265): CController->runActionWithFilters(Object(CInlineAction), Array)
#7 C:\xampp\htdocs\yii\framework\web\CWebApplication.php(282): CController->run('admin')
#8 C:\xampp\htdocs\yii\framework\web\CWebApplication.php(141): CWebApplication->runController('user/admin')
#9 C:\xampp\htdocs\yii\framework\base\CApplication.php(185): CWebApplication->processRequest()
#10 C:\xampp\htdocs\yii-app\index.php(13): CApplication->run()
#11 {main}
REQUEST_URI=/yii-app/index.php?r=user/admin
HTTP_REFERER=http://localhost/yii-app/index.php?r=site/index
---
2021/05/04 16:59:58 [error] [exception.CHttpException.403] CHttpException: You are not authorized to perform this action. in C:\xampp\htdocs\yii\framework\web\auth\CAccessControlFilter.php:183
Stack trace:
#0 C:\xampp\htdocs\yii\framework\web\auth\CAccessControlFilter.php(145): CAccessControlFilter->accessDenied(Object(CWebUser), 'You are not aut...')
#1 C:\xampp\htdocs\yii\framework\web\filters\CFilter.php(38): CAccessControlFilter->preFilter(Object(CFilterChain))
#2 C:\xampp\htdocs\yii\framework\web\CController.php(1148): CFilter->filter(Object(CFilterChain))
#3 C:\xampp\htdocs\yii\framework\web\filters\CInlineFilter.php(58): CController->filterAccessControl(Object(CFilterChain))
#4 C:\xampp\htdocs\yii\framework\web\filters\CFilterChain.php(131): CInlineFilter->filter(Object(CFilterChain))
#5 C:\xampp\htdocs\yii\framework\web\CController.php(291): CFilterChain->run()
#6 C:\xampp\htdocs\yii\framework\web\CController.php(265): CController->runActionWithFilters(Object(CInlineAction), Array)
#7 C:\xampp\htdocs\yii\framework\web\CWebApplication.php(282): CController->run('create')
#8 C:\xampp\htdocs\yii\framework\web\CWebApplication.php(141): CWebApplication->runController('user/create')
#9 C:\xampp\htdocs\yii\framework\base\CApplication.php(185): CWebApplication->processRequest()
#10 C:\xampp\htdocs\yii-app\index.php(13): CApplication->run()
#11 {main}
REQUEST_URI=/yii-app/index.php?r=user/create
HTTP_REFERER=http://localhost/yii-app/index.php?r=user/index
---
2021/05/04 17:00:03 [error] [exception.CHttpException.403] CHttpException: You are not authorized to perform this action. in C:\xampp\htdocs\yii\framework\web\auth\CAccessControlFilter.php:183
Stack trace:
#0 C:\xampp\htdocs\yii\framework\web\auth\CAccessControlFilter.php(145): CAccessControlFilter->accessDenied(Object(CWebUser), 'You are not aut...')
#1 C:\xampp\htdocs\yii\framework\web\filters\CFilter.php(38): CAccessControlFilter->preFilter(Object(CFilterChain))
#2 C:\xampp\htdocs\yii\framework\web\CController.php(1148): CFilter->filter(Object(CFilterChain))
#3 C:\xampp\htdocs\yii\framework\web\filters\CInlineFilter.php(58): CController->filterAccessControl(Object(CFilterChain))
#4 C:\xampp\htdocs\yii\framework\web\filters\CFilterChain.php(131): CInlineFilter->filter(Object(CFilterChain))
#5 C:\xampp\htdocs\yii\framework\web\CController.php(291): CFilterChain->run()
#6 C:\xampp\htdocs\yii\framework\web\CController.php(265): CController->runActionWithFilters(Object(CInlineAction), Array)
#7 C:\xampp\htdocs\yii\framework\web\CWebApplication.php(282): CController->run('admin')
#8 C:\xampp\htdocs\yii\framework\web\CWebApplication.php(141): CWebApplication->runController('user/admin')
#9 C:\xampp\htdocs\yii\framework\base\CApplication.php(185): CWebApplication->processRequest()
#10 C:\xampp\htdocs\yii-app\index.php(13): CApplication->run()
#11 {main}
REQUEST_URI=/yii-app/index.php?r=user/admin
HTTP_REFERER=http://localhost/yii-app/index.php?r=user/index
---
2021/05/04 17:00:15 [error] [exception.CHttpException.403] CHttpException: You are not authorized to perform this action. in C:\xampp\htdocs\yii\framework\web\auth\CAccessControlFilter.php:183
Stack trace:
#0 C:\xampp\htdocs\yii\framework\web\auth\CAccessControlFilter.php(145): CAccessControlFilter->accessDenied(Object(CWebUser), 'You are not aut...')
#1 C:\xampp\htdocs\yii\framework\web\filters\CFilter.php(38): CAccessControlFilter->preFilter(Object(CFilterChain))
#2 C:\xampp\htdocs\yii\framework\web\CController.php(1148): CFilter->filter(Object(CFilterChain))
#3 C:\xampp\htdocs\yii\framework\web\filters\CInlineFilter.php(58): CController->filterAccessControl(Object(CFilterChain))
#4 C:\xampp\htdocs\yii\framework\web\filters\CFilterChain.php(131): CInlineFilter->filter(Object(CFilterChain))
#5 C:\xampp\htdocs\yii\framework\web\CController.php(291): CFilterChain->run()
#6 C:\xampp\htdocs\yii\framework\web\CController.php(265): CController->runActionWithFilters(Object(CInlineAction), Array)
#7 C:\xampp\htdocs\yii\framework\web\CWebApplication.php(282): CController->run('update')
#8 C:\xampp\htdocs\yii\framework\web\CWebApplication.php(141): CWebApplication->runController('user/update')
#9 C:\xampp\htdocs\yii\framework\base\CApplication.php(185): CWebApplication->processRequest()
#10 C:\xampp\htdocs\yii-app\index.php(13): CApplication->run()
#11 {main}
REQUEST_URI=/yii-app/index.php?r=user/update&id=5
HTTP_REFERER=http://localhost/yii-app/index.php?r=user/view&id=5
---
2021/05/04 17:01:13 [error] [exception.CHttpException.403] CHttpException: You are not authorized to perform this action. in C:\xampp\htdocs\yii\framework\web\auth\CAccessControlFilter.php:183
Stack trace:
#0 C:\xampp\htdocs\yii\framework\web\auth\CAccessControlFilter.php(145): CAccessControlFilter->accessDenied(Object(CWebUser), 'You are not aut...')
#1 C:\xampp\htdocs\yii\framework\web\filters\CFilter.php(38): CAccessControlFilter->preFilter(Object(CFilterChain))
#2 C:\xampp\htdocs\yii\framework\web\CController.php(1148): CFilter->filter(Object(CFilterChain))
#3 C:\xampp\htdocs\yii\framework\web\filters\CInlineFilter.php(58): CController->filterAccessControl(Object(CFilterChain))
#4 C:\xampp\htdocs\yii\framework\web\filters\CFilterChain.php(131): CInlineFilter->filter(Object(CFilterChain))
#5 C:\xampp\htdocs\yii\framework\web\CController.php(291): CFilterChain->run()
#6 C:\xampp\htdocs\yii\framework\web\CController.php(265): CController->runActionWithFilters(Object(CInlineAction), Array)
#7 C:\xampp\htdocs\yii\framework\web\CWebApplication.php(282): CController->run('view')
#8 C:\xampp\htdocs\yii\framework\web\CWebApplication.php(141): CWebApplication->runController('user/view')
#9 C:\xampp\htdocs\yii\framework\base\CApplication.php(185): CWebApplication->processRequest()
#10 C:\xampp\htdocs\yii-app\index.php(13): CApplication->run()
#11 {main}
REQUEST_URI=/yii-app/index.php?r=user/view&id=5
HTTP_REFERER=http://localhost/yii-app/index.php?r=user/index
---
2021/05/04 17:01:31 [error] [exception.CHttpException.403] CHttpException: You are not authorized to perform this action. in C:\xampp\htdocs\yii\framework\web\auth\CAccessControlFilter.php:183
Stack trace:
#0 C:\xampp\htdocs\yii\framework\web\auth\CAccessControlFilter.php(145): CAccessControlFilter->accessDenied(Object(CWebUser), 'You are not aut...')
#1 C:\xampp\htdocs\yii\framework\web\filters\CFilter.php(38): CAccessControlFilter->preFilter(Object(CFilterChain))
#2 C:\xampp\htdocs\yii\framework\web\CController.php(1148): CFilter->filter(Object(CFilterChain))
#3 C:\xampp\htdocs\yii\framework\web\filters\CInlineFilter.php(58): CController->filterAccessControl(Object(CFilterChain))
#4 C:\xampp\htdocs\yii\framework\web\filters\CFilterChain.php(131): CInlineFilter->filter(Object(CFilterChain))
#5 C:\xampp\htdocs\yii\framework\web\CController.php(291): CFilterChain->run()
#6 C:\xampp\htdocs\yii\framework\web\CController.php(265): CController->runActionWithFilters(Object(CInlineAction), Array)
#7 C:\xampp\htdocs\yii\framework\web\CWebApplication.php(282): CController->run('view')
#8 C:\xampp\htdocs\yii\framework\web\CWebApplication.php(141): CWebApplication->runController('user/view')
#9 C:\xampp\htdocs\yii\framework\base\CApplication.php(185): CWebApplication->processRequest()
#10 C:\xampp\htdocs\yii-app\index.php(13): CApplication->run()
#11 {main}
REQUEST_URI=/yii-app/index.php?r=user/view&id=5
HTTP_REFERER=http://localhost/yii-app/index.php?r=user/index
---
2021/05/04 19:04:24 [error] [exception.CHttpException.403] CHttpException: You are not authorized to perform this action. in C:\xampp\htdocs\yii\framework\web\auth\CAccessControlFilter.php:183
Stack trace:
#0 C:\xampp\htdocs\yii\framework\web\auth\CAccessControlFilter.php(145): CAccessControlFilter->accessDenied(Object(CWebUser), 'You are not aut...')
#1 C:\xampp\htdocs\yii\framework\web\filters\CFilter.php(38): CAccessControlFilter->preFilter(Object(CFilterChain))
#2 C:\xampp\htdocs\yii\framework\web\CController.php(1148): CFilter->filter(Object(CFilterChain))
#3 C:\xampp\htdocs\yii\framework\web\filters\CInlineFilter.php(58): CController->filterAccessControl(Object(CFilterChain))
#4 C:\xampp\htdocs\yii\framework\web\filters\CFilterChain.php(131): CInlineFilter->filter(Object(CFilterChain))
#5 C:\xampp\htdocs\yii\framework\web\CController.php(291): CFilterChain->run()
#6 C:\xampp\htdocs\yii\framework\web\CController.php(265): CController->runActionWithFilters(Object(CInlineAction), Array)
#7 C:\xampp\htdocs\yii\framework\web\CWebApplication.php(282): CController->run('admin')
#8 C:\xampp\htdocs\yii\framework\web\CWebApplication.php(141): CWebApplication->runController('obat/admin')
#9 C:\xampp\htdocs\yii\framework\base\CApplication.php(185): CWebApplication->processRequest()
#10 C:\xampp\htdocs\yii-app\index.php(13): CApplication->run()
#11 {main}
REQUEST_URI=/yii-app/index.php?r=obat/admin
HTTP_REFERER=http://localhost/yii-app/index.php?r=obat/index
---
2021/05/04 19:07:32 [error] [exception.CHttpException.403] CHttpException: You are not authorized to perform this action. in C:\xampp\htdocs\yii\framework\web\auth\CAccessControlFilter.php:183
Stack trace:
#0 C:\xampp\htdocs\yii\framework\web\auth\CAccessControlFilter.php(145): CAccessControlFilter->accessDenied(Object(CWebUser), 'You are not aut...')
#1 C:\xampp\htdocs\yii\framework\web\filters\CFilter.php(38): CAccessControlFilter->preFilter(Object(CFilterChain))
#2 C:\xampp\htdocs\yii\framework\web\CController.php(1148): CFilter->filter(Object(CFilterChain))
#3 C:\xampp\htdocs\yii\framework\web\filters\CInlineFilter.php(58): CController->filterAccessControl(Object(CFilterChain))
#4 C:\xampp\htdocs\yii\framework\web\filters\CFilterChain.php(131): CInlineFilter->filter(Object(CFilterChain))
#5 C:\xampp\htdocs\yii\framework\web\CController.php(291): CFilterChain->run()
#6 C:\xampp\htdocs\yii\framework\web\CController.php(265): CController->runActionWithFilters(Object(CInlineAction), Array)
#7 C:\xampp\htdocs\yii\framework\web\CWebApplication.php(282): CController->run('admin')
#8 C:\xampp\htdocs\yii\framework\web\CWebApplication.php(141): CWebApplication->runController('tindakan/admin')
#9 C:\xampp\htdocs\yii\framework\base\CApplication.php(185): CWebApplication->processRequest()
#10 C:\xampp\htdocs\yii-app\index.php(13): CApplication->run()
#11 {main}
REQUEST_URI=/yii-app/index.php?r=tindakan/admin
HTTP_REFERER=http://localhost/yii-app/index.php?r=tindakan/index
---
2021/05/04 19:08:17 [error] [exception.CHttpException.403] CHttpException: You are not authorized to perform this action. in C:\xampp\htdocs\yii\framework\web\auth\CAccessControlFilter.php:183
Stack trace:
#0 C:\xampp\htdocs\yii\framework\web\auth\CAccessControlFilter.php(145): CAccessControlFilter->accessDenied(Object(CWebUser), 'You are not aut...')
#1 C:\xampp\htdocs\yii\framework\web\filters\CFilter.php(38): CAccessControlFilter->preFilter(Object(CFilterChain))
#2 C:\xampp\htdocs\yii\framework\web\CController.php(1148): CFilter->filter(Object(CFilterChain))
#3 C:\xampp\htdocs\yii\framework\web\filters\CInlineFilter.php(58): CController->filterAccessControl(Object(CFilterChain))
#4 C:\xampp\htdocs\yii\framework\web\filters\CFilterChain.php(131): CInlineFilter->filter(Object(CFilterChain))
#5 C:\xampp\htdocs\yii\framework\web\CController.php(291): CFilterChain->run()
#6 C:\xampp\htdocs\yii\framework\web\CController.php(265): CController->runActionWithFilters(Object(CInlineAction), Array)
#7 C:\xampp\htdocs\yii\framework\web\CWebApplication.php(282): CController->run('admin')
#8 C:\xampp\htdocs\yii\framework\web\CWebApplication.php(141): CWebApplication->runController('obat/admin')
#9 C:\xampp\htdocs\yii\framework\base\CApplication.php(185): CWebApplication->processRequest()
#10 C:\xampp\htdocs\yii-app\index.php(13): CApplication->run()
#11 {main}
REQUEST_URI=/yii-app/index.php?r=obat/admin
HTTP_REFERER=http://localhost/yii-app/index.php?r=obat/index
---
2021/05/04 19:11:24 [error] [exception.CHttpException.403] CHttpException: You are not authorized to perform this action. in C:\xampp\htdocs\yii\framework\web\auth\CAccessControlFilter.php:183
Stack trace:
#0 C:\xampp\htdocs\yii\framework\web\auth\CAccessControlFilter.php(145): CAccessControlFilter->accessDenied(Object(CWebUser), 'You are not aut...')
#1 C:\xampp\htdocs\yii\framework\web\filters\CFilter.php(38): CAccessControlFilter->preFilter(Object(CFilterChain))
#2 C:\xampp\htdocs\yii\framework\web\CController.php(1148): CFilter->filter(Object(CFilterChain))
#3 C:\xampp\htdocs\yii\framework\web\filters\CInlineFilter.php(58): CController->filterAccessControl(Object(CFilterChain))
#4 C:\xampp\htdocs\yii\framework\web\filters\CFilterChain.php(131): CInlineFilter->filter(Object(CFilterChain))
#5 C:\xampp\htdocs\yii\framework\web\CController.php(291): CFilterChain->run()
#6 C:\xampp\htdocs\yii\framework\web\CController.php(265): CController->runActionWithFilters(Object(CInlineAction), Array)
#7 C:\xampp\htdocs\yii\framework\web\CWebApplication.php(282): CController->run('admin')
#8 C:\xampp\htdocs\yii\framework\web\CWebApplication.php(141): CWebApplication->runController('obat/admin')
#9 C:\xampp\htdocs\yii\framework\base\CApplication.php(185): CWebApplication->processRequest()
#10 C:\xampp\htdocs\yii-app\index.php(13): CApplication->run()
#11 {main}
REQUEST_URI=/yii-app/index.php?r=obat/admin
HTTP_REFERER=http://localhost/yii-app/index.php?r=obat/index
---
2021/05/04 19:52:56 [error] [exception.CException] CException: UserController contains improperly nested widget tags in its view "C:\xampp\htdocs\yii-app\protected\views//layouts/column2.php". A CContentDecorator widget does not have an endWidget() call. in C:\xampp\htdocs\yii\framework\web\CBaseController.php:101
Stack trace:
#0 C:\xampp\htdocs\yii\framework\web\CController.php(787): CBaseController->renderFile('C:\\xampp\\htdocs...', Array, true)
#1 C:\xampp\htdocs\yii-app\protected\controllers\UserController.php(88): CController->render('create', Array)
#2 C:\xampp\htdocs\yii\framework\web\actions\CInlineAction.php(49): UserController->actionCreate()
#3 C:\xampp\htdocs\yii\framework\web\CController.php(308): CInlineAction->runWithParams(Array)
#4 C:\xampp\htdocs\yii\framework\web\filters\CFilterChain.php(134): CController->runAction(Object(CInlineAction))
#5 C:\xampp\htdocs\yii\framework\web\filters\CFilter.php(40): CFilterChain->run()
#6 C:\xampp\htdocs\yii\framework\web\CController.php(1148): CFilter->filter(Object(CFilterChain))
#7 C:\xampp\htdocs\yii\framework\web\filters\CInlineFilter.php(58): CController->filterAccessControl(Object(CFilterChain))
#8 C:\xampp\htdocs\yii\framework\web\filters\CFilterChain.php(131): CInlineFilter->filter(Object(CFilterChain))
#9 C:\xampp\htdocs\yii\framework\web\CController.php(291): CFilterChain->run()
#10 C:\xampp\htdocs\yii\framework\web\CController.php(265): CController->runActionWithFilters(Object(CInlineAction), Array)
#11 C:\xampp\htdocs\yii\framework\web\CWebApplication.php(282): CController->run('create')
#12 C:\xampp\htdocs\yii\framework\web\CWebApplication.php(141): CWebApplication->runController('user/create')
#13 C:\xampp\htdocs\yii\framework\base\CApplication.php(185): CWebApplication->processRequest()
#14 C:\xampp\htdocs\yii-app\index.php(13): CApplication->run()
#15 {main}
REQUEST_URI=/yii-app/index.php?r=user/create
HTTP_REFERER=http://localhost/yii-app/index.php?r=user/admin
---
2021/05/04 20:14:15 [error] [exception.CException] CException: Property "CGridView.itemCssClass" is not defined. in C:\xampp\htdocs\yii\framework\base\CComponent.php:173
Stack trace:
#0 C:\xampp\htdocs\yii\framework\web\CWidgetFactory.php(161): CComponent->__set('itemCssClass', 'table')
#1 C:\xampp\htdocs\yii\framework\web\CBaseController.php(146): CWidgetFactory->createWidget(Object(UserController), 'CGridView', Array)
#2 C:\xampp\htdocs\yii\framework\web\CBaseController.php(181): CBaseController->createWidget('zii.widgets.gri...', Array)
#3 C:\xampp\htdocs\yii-app\protected\views\user\create.php(21): CBaseController->widget('zii.widgets.gri...', Array)
#4 C:\xampp\htdocs\yii\framework\web\CBaseController.php(126): require('C:\\xampp\\htdocs...')
#5 C:\xampp\htdocs\yii\framework\web\CBaseController.php(95): CBaseController->renderInternal('C:\\xampp\\htdocs...', Array, true)
#6 C:\xampp\htdocs\yii\framework\web\CController.php(872): CBaseController->renderFile('C:\\xampp\\htdocs...', Array, true)
#7 C:\xampp\htdocs\yii\framework\web\CController.php(785): CController->renderPartial('create', Array, true)
#8 C:\xampp\htdocs\yii-app\protected\controllers\UserController.php(88): CController->render('create', Array)
#9 C:\xampp\htdocs\yii\framework\web\actions\CInlineAction.php(49): UserController->actionCreate()
#10 C:\xampp\htdocs\yii\framework\web\CController.php(308): CInlineAction->runWithParams(Array)
#11 C:\xampp\htdocs\yii\framework\web\filters\CFilterChain.php(134): CController->runAction(Object(CInlineAction))
#12 C:\xampp\htdocs\yii\framework\web\filters\CFilter.php(40): CFilterChain->run()
#13 C:\xampp\htdocs\yii\framework\web\CController.php(1148): CFilter->filter(Object(CFilterChain))
#14 C:\xampp\htdocs\yii\framework\web\filters\CInlineFilter.php(58): CController->filterAccessControl(Object(CFilterChain))
#15 C:\xampp\htdocs\yii\framework\web\filters\CFilterChain.php(131): CInlineFilter->filter(Object(CFilterChain))
#16 C:\xampp\htdocs\yii\framework\web\CController.php(291): CFilterChain->run()
#17 C:\xampp\htdocs\yii\framework\web\CController.php(265): CController->runActionWithFilters(Object(CInlineAction), Array)
#18 C:\xampp\htdocs\yii\framework\web\CWebApplication.php(282): CController->run('create')
#19 C:\xampp\htdocs\yii\framework\web\CWebApplication.php(141): CWebApplication->runController('user/create')
#20 C:\xampp\htdocs\yii\framework\base\CApplication.php(185): CWebApplication->processRequest()
#21 C:\xampp\htdocs\yii-app\index.php(13): CApplication->run()
#22 {main}
REQUEST_URI=/yii-app/index.php?r=user/create
HTTP_REFERER=http://localhost/yii-app/index.php?r=user/admin
---
2021/05/04 20:38:21 [error] [exception.CHttpException.404] CHttpException: Unable to resolve the request "obatMaster". in C:\xampp\htdocs\yii\framework\web\CWebApplication.php:286
Stack trace:
#0 C:\xampp\htdocs\yii\framework\web\CWebApplication.php(141): CWebApplication->runController('obatMaster')
#1 C:\xampp\htdocs\yii\framework\base\CApplication.php(185): CWebApplication->processRequest()
#2 C:\xampp\htdocs\yii-app\index.php(13): CApplication->run()
#3 {main}
REQUEST_URI=/yii-app/index.php?r=obatMaster
---
2021/05/04 20:38:33 [error] [exception.CHttpException.404] CHttpException: Unable to resolve the request "obatMaster/". in C:\xampp\htdocs\yii\framework\web\CWebApplication.php:286
Stack trace:
#0 C:\xampp\htdocs\yii\framework\web\CWebApplication.php(141): CWebApplication->runController('obatMaster/')
#1 C:\xampp\htdocs\yii\framework\base\CApplication.php(185): CWebApplication->processRequest()
#2 C:\xampp\htdocs\yii-app\index.php(13): CApplication->run()
#3 {main}
REQUEST_URI=/yii-app/index.php?r=obatMaster/
---
2021/05/04 20:39:13 [error] [exception.CHttpException.404] CHttpException: Unable to resolve the request "obatMasterModule/". in C:\xampp\htdocs\yii\framework\web\CWebApplication.php:286
Stack trace:
#0 C:\xampp\htdocs\yii\framework\web\CWebApplication.php(141): CWebApplication->runController('obatMasterModul...')
#1 C:\xampp\htdocs\yii\framework\base\CApplication.php(185): CWebApplication->processRequest()
#2 C:\xampp\htdocs\yii-app\index.php(13): CApplication->run()
#3 {main}
REQUEST_URI=/yii-app/index.php?r=obatMasterModule/
---
2021/05/04 20:39:30 [error] [exception.CHttpException.404] CHttpException: Unable to resolve the request "ObatMasterModule/". in C:\xampp\htdocs\yii\framework\web\CWebApplication.php:286
Stack trace:
#0 C:\xampp\htdocs\yii\framework\web\CWebApplication.php(141): CWebApplication->runController('ObatMasterModul...')
#1 C:\xampp\htdocs\yii\framework\base\CApplication.php(185): CWebApplication->processRequest()
#2 C:\xampp\htdocs\yii-app\index.php(13): CApplication->run()
#3 {main}
REQUEST_URI=/yii-app/index.php?r=ObatMasterModule/
---
2021/05/04 20:42:44 [error] [exception.CHttpException.404] CHttpException: Unable to resolve the request "obatMaster/". in C:\xampp\htdocs\yii\framework\web\CWebApplication.php:286
Stack trace:
#0 C:\xampp\htdocs\yii\framework\web\CWebApplication.php(141): CWebApplication->runController('obatMaster/')
#1 C:\xampp\htdocs\yii\framework\base\CApplication.php(185): CWebApplication->processRequest()
#2 C:\xampp\htdocs\yii-app\index.php(13): CApplication->run()
#3 {main}
REQUEST_URI=/yii-app/index.php?r=obatMaster/
---
2021/05/04 21:10:46 [error] [exception.CHttpException.404] CHttpException: Unable to resolve the request "tindakanMaster/tindakan". in C:\xampp\htdocs\yii\framework\web\CWebApplication.php:286
Stack trace:
#0 C:\xampp\htdocs\yii\framework\web\CWebApplication.php(141): CWebApplication->runController('tindakanMaster/...')
#1 C:\xampp\htdocs\yii\framework\base\CApplication.php(185): CWebApplication->processRequest()
#2 C:\xampp\htdocs\yii-app\index.php(13): CApplication->run()
#3 {main}
REQUEST_URI=/yii-app/index.php?r=tindakanMaster/tindakan
---
